2025-12-19 22:20:28,564 [Worker-4: Loading available Gradle versions] INFO  o.e.b.c.i.u.g.PublishedGradleVersions - Gradle version information cache is not available. Remote download required.
2025-12-19 22:20:53,573 [Worker-7: Importing Maven projects] INFO  o.e.m.c.i.e.AbstractTransferListenerAdapter - Downloading http://insecure.repo1.maven.org/maven2/org/springframework/boot/spring-boot-maven-plugin/3.5.9/spring-boot-maven-plugin-3.5.9.pom
2025-12-19 22:20:53,899 [Worker-7: Importing Maven projects] INFO  o.e.m.c.i.e.AbstractTransferListenerAdapter - Downloaded http://insecure.repo1.maven.org/maven2/org/springframework/boot/spring-boot-maven-plugin/3.5.9/spring-boot-maven-plugin-3.5.9.pom
2025-12-19 22:20:54,763 [Worker-7: Importing Maven projects] INFO  o.e.m.c.i.e.AbstractTransferListenerAdapter - Downloading http://insecure.repo1.maven.org/maven2/org/springframework/boot/spring-boot-maven-plugin/3.5.9/spring-boot-maven-plugin-3.5.9.jar
2025-12-19 22:20:55,246 [Worker-7: Importing Maven projects] INFO  o.e.m.c.i.e.AbstractTransferListenerAdapter - Downloaded http://insecure.repo1.maven.org/maven2/org/springframework/boot/spring-boot-maven-plugin/3.5.9/spring-boot-maven-plugin-3.5.9.jar
2025-12-19 22:20:55,948 [Worker-7: Importing Maven projects] INFO  o.e.m.c.i.l.LifecycleMappingFactory - Using org.eclipse.m2e.jdt.JarLifecycleMapping lifecycle mapping for MavenProject: com.onlineBiddingSystem:onlineBiddingSystem:0.0.1-SNAPSHOT @ F:\Spring Boot Workspaces\Online Auction Sysem\Online Auction System Backend\onlineBiddingSystem\pom.xml.
2025-12-19 22:20:58,115 [Worker-7: Importing Maven projects] INFO  o.e.m.j.i.AbstractJavaProjectConfigurator - Adding source folder /onlineBiddingSystem/src/main/java
2025-12-19 22:20:58,119 [Worker-7: Importing Maven projects] INFO  o.e.m.j.i.AbstractJavaProjectConfigurator - Adding resource folder /onlineBiddingSystem/src/main/resources
2025-12-19 22:20:58,125 [Worker-7: Importing Maven projects] INFO  o.e.m.j.i.AbstractJavaProjectConfigurator - Adding resource folder /onlineBiddingSystem/src/main/resources
2025-12-19 22:20:58,131 [Worker-7: Importing Maven projects] INFO  o.e.m.j.i.AbstractJavaProjectConfigurator - Adding source folder /onlineBiddingSystem/src/test/java
2025-12-19 22:20:58,132 [Worker-7: Importing Maven projects] INFO  o.e.m.j.i.AbstractJavaProjectConfigurator - Adding resource folder /onlineBiddingSystem/src/test/resources
2025-12-19 22:20:59,257 [Worker-5: Download sources and javadoc] INFO  o.e.m.c.i.e.AbstractTransferListenerAdapter - Downloading http://insecure.repo1.maven.org/maven2/org/springframework/boot/spring-boot-starter-data-jpa/3.5.9/spring-boot-starter-data-jpa-3.5.9-sources.jar
2025-12-19 22:20:59,743 [Worker-5: Download sources and javadoc] INFO  o.e.m.c.i.e.AbstractTransferListenerAdapter - Downloaded http://insecure.repo1.maven.org/maven2/org/springframework/boot/spring-boot-starter-data-jpa/3.5.9/spring-boot-starter-data-jpa-3.5.9-sources.jar
2025-12-19 22:20:59,749 [Worker-5: Download sources and javadoc] INFO  o.e.m.j.internal.DownloadSourcesJob - Downloaded sources for org.springframework.boot:spring-boot-starter-data-jpa:3.5.9
2025-12-19 22:21:00,441 [Worker-7: Importing Maven projects] INFO  o.e.m.c.i.p.ProjectConfigurationManager - Imported and configured 1 project(s) in 9 sec
2025-12-19 22:21:00,549 [Worker-5: Download sources and javadoc] INFO  o.e.m.c.i.e.AbstractTransferListenerAdapter - Downloading http://insecure.repo1.maven.org/maven2/org/springframework/boot/spring-boot-starter/3.5.9/spring-boot-starter-3.5.9-sources.jar
2025-12-19 22:21:00,931 [Worker-5: Download sources and javadoc] INFO  o.e.m.c.i.e.AbstractTransferListenerAdapter - Downloaded http://insecure.repo1.maven.org/maven2/org/springframework/boot/spring-boot-starter/3.5.9/spring-boot-starter-3.5.9-sources.jar
2025-12-19 22:21:00,937 [Worker-5: Download sources and javadoc] INFO  o.e.m.j.internal.DownloadSourcesJob - Downloaded sources for org.springframework.boot:spring-boot-starter:3.5.9
2025-12-19 22:21:01,330 [Worker-5: Download sources and javadoc] INFO  o.e.m.c.i.e.AbstractTransferListenerAdapter - Downloading http://insecure.repo1.maven.org/maven2/org/springframework/boot/spring-boot/3.5.9/spring-boot-3.5.9-sources.jar
2025-12-19 22:21:01,994 [Worker-5: Download sources and javadoc] INFO  o.e.m.c.i.e.AbstractTransferListenerAdapter - Downloaded http://insecure.repo1.maven.org/maven2/org/springframework/boot/spring-boot/3.5.9/spring-boot-3.5.9-sources.jar
2025-12-19 22:21:02,000 [Worker-5: Download sources and javadoc] INFO  o.e.m.j.internal.DownloadSourcesJob - Downloaded sources for org.springframework.boot:spring-boot:3.5.9
2025-12-19 22:21:02,702 [Worker-5: Download sources and javadoc] INFO  o.e.m.c.i.e.AbstractTransferListenerAdapter - Downloading http://insecure.repo1.maven.org/maven2/org/springframework/boot/spring-boot-autoconfigure/3.5.9/spring-boot-autoconfigure-3.5.9-sources.jar
2025-12-19 22:21:03,698 [Worker-5: Download sources and javadoc] INFO  o.e.m.c.i.e.AbstractTransferListenerAdapter - Downloaded http://insecure.repo1.maven.org/maven2/org/springframework/boot/spring-boot-autoconfigure/3.5.9/spring-boot-autoconfigure-3.5.9-sources.jar
2025-12-19 22:21:03,704 [Worker-5: Download sources and javadoc] INFO  o.e.m.j.internal.DownloadSourcesJob - Downloaded sources for org.springframework.boot:spring-boot-autoconfigure:3.5.9
2025-12-19 22:21:03,785 [Worker-1: Building] INFO  o.a.m.s.f.DefaultMavenResourcesFiltering - Copying 1 resource from src\main\resources to target\classes
2025-12-19 22:21:03,823 [Worker-1: Building] INFO  o.a.m.s.f.DefaultMavenResourcesFiltering - Copying 0 resource from src\main\resources to target\classes
2025-12-19 22:21:03,831 [Worker-1: Building] INFO  o.a.m.s.f.DefaultMavenResourcesFiltering - skip non existing resourceDirectory F:\Spring Boot Workspaces\Online Auction Sysem\Online Auction System Backend\onlineBiddingSystem\src\test\resources
2025-12-19 22:21:04,222 [Worker-5: Download sources and javadoc] INFO  o.e.m.c.i.e.AbstractTransferListenerAdapter - Downloading http://insecure.repo1.maven.org/maven2/org/springframework/boot/spring-boot-starter-logging/3.5.9/spring-boot-starter-logging-3.5.9-sources.jar
2025-12-19 22:21:04,715 [Worker-5: Download sources and javadoc] INFO  o.e.m.c.i.e.AbstractTransferListenerAdapter - Downloaded http://insecure.repo1.maven.org/maven2/org/springframework/boot/spring-boot-starter-logging/3.5.9/spring-boot-starter-logging-3.5.9-sources.jar
2025-12-19 22:21:04,721 [Worker-5: Download sources and javadoc] INFO  o.e.m.j.internal.DownloadSourcesJob - Downloaded sources for org.springframework.boot:spring-boot-starter-logging:3.5.9
2025-12-19 22:21:05,791 [Worker-5: Download sources and javadoc] INFO  o.e.m.c.i.e.AbstractTransferListenerAdapter - Downloading http://insecure.repo1.maven.org/maven2/ch/qos/logback/logback-classic/1.5.22/logback-classic-1.5.22-sources.jar
2025-12-19 22:21:06,384 [Worker-5: Download sources and javadoc] INFO  o.e.m.c.i.e.AbstractTransferListenerAdapter - Downloaded http://insecure.repo1.maven.org/maven2/ch/qos/logback/logback-classic/1.5.22/logback-classic-1.5.22-sources.jar
2025-12-19 22:21:06,416 [Worker-5: Download sources and javadoc] INFO  o.e.m.j.internal.DownloadSourcesJob - Downloaded sources for ch.qos.logback:logback-classic:1.5.22
2025-12-19 22:21:06,989 [Worker-5: Download sources and javadoc] INFO  o.e.m.c.i.e.AbstractTransferListenerAdapter - Downloading http://insecure.repo1.maven.org/maven2/ch/qos/logback/logback-core/1.5.22/logback-core-1.5.22-sources.jar
2025-12-19 22:21:08,085 [Worker-5: Download sources and javadoc] INFO  o.e.m.c.i.e.AbstractTransferListenerAdapter - Downloaded http://insecure.repo1.maven.org/maven2/ch/qos/logback/logback-core/1.5.22/logback-core-1.5.22-sources.jar
2025-12-19 22:21:08,091 [Worker-5: Download sources and javadoc] INFO  o.e.m.j.internal.DownloadSourcesJob - Downloaded sources for ch.qos.logback:logback-core:1.5.22
2025-12-19 22:21:08,719 [Worker-5: Download sources and javadoc] INFO  o.e.m.c.i.e.AbstractTransferListenerAdapter - Downloading http://insecure.repo1.maven.org/maven2/org/springframework/boot/spring-boot-starter-jdbc/3.5.9/spring-boot-starter-jdbc-3.5.9-sources.jar
2025-12-19 22:21:09,741 [Worker-5: Download sources and javadoc] INFO  o.e.m.c.i.e.AbstractTransferListenerAdapter - Downloaded http://insecure.repo1.maven.org/maven2/org/springframework/boot/spring-boot-starter-jdbc/3.5.9/spring-boot-starter-jdbc-3.5.9-sources.jar
2025-12-19 22:21:09,745 [Worker-5: Download sources and javadoc] INFO  o.e.m.j.internal.DownloadSourcesJob - Downloaded sources for org.springframework.boot:spring-boot-starter-jdbc:3.5.9
2025-12-19 22:21:10,129 [Worker-5: Download sources and javadoc] INFO  o.e.m.c.i.e.AbstractTransferListenerAdapter - Downloading http://insecure.repo1.maven.org/maven2/org/springframework/spring-jdbc/6.2.15/spring-jdbc-6.2.15-sources.jar
2025-12-19 22:21:10,730 [Worker-5: Download sources and javadoc] INFO  o.e.m.c.i.e.AbstractTransferListenerAdapter - Downloaded http://insecure.repo1.maven.org/maven2/org/springframework/spring-jdbc/6.2.15/spring-jdbc-6.2.15-sources.jar
2025-12-19 22:21:10,737 [Worker-5: Download sources and javadoc] INFO  o.e.m.j.internal.DownloadSourcesJob - Downloaded sources for org.springframework:spring-jdbc:6.2.15
2025-12-19 22:21:11,403 [Worker-5: Download sources and javadoc] INFO  o.e.m.c.i.e.AbstractTransferListenerAdapter - Downloading http://insecure.repo1.maven.org/maven2/org/hibernate/orm/hibernate-core/6.6.39.Final/hibernate-core-6.6.39.Final-sources.jar
2025-12-19 22:21:13,736 [Worker-5: Download sources and javadoc] INFO  o.e.m.c.i.e.AbstractTransferListenerAdapter - Downloaded http://insecure.repo1.maven.org/maven2/org/hibernate/orm/hibernate-core/6.6.39.Final/hibernate-core-6.6.39.Final-sources.jar
2025-12-19 22:21:13,742 [Worker-5: Download sources and javadoc] INFO  o.e.m.j.internal.DownloadSourcesJob - Downloaded sources for org.hibernate.orm:hibernate-core:6.6.39.Final
2025-12-19 22:21:14,448 [Worker-5: Download sources and javadoc] INFO  o.e.m.c.i.e.AbstractTransferListenerAdapter - Downloading http://insecure.repo1.maven.org/maven2/org/springframework/data/spring-data-jpa/3.5.7/spring-data-jpa-3.5.7-sources.jar
2025-12-19 22:21:15,441 [Worker-5: Download sources and javadoc] INFO  o.e.m.c.i.e.AbstractTransferListenerAdapter - Downloaded http://insecure.repo1.maven.org/maven2/org/springframework/data/spring-data-jpa/3.5.7/spring-data-jpa-3.5.7-sources.jar
2025-12-19 22:21:15,446 [Worker-5: Download sources and javadoc] INFO  o.e.m.j.internal.DownloadSourcesJob - Downloaded sources for org.springframework.data:spring-data-jpa:3.5.7
2025-12-19 22:21:17,164 [Worker-5: Download sources and javadoc] INFO  o.e.m.c.i.e.AbstractTransferListenerAdapter - Downloading http://insecure.repo1.maven.org/maven2/org/springframework/data/spring-data-commons/3.5.7/spring-data-commons-3.5.7-sources.jar
2025-12-19 22:21:20,857 [Worker-5: Download sources and javadoc] INFO  o.e.m.c.i.e.AbstractTransferListenerAdapter - Downloaded http://insecure.repo1.maven.org/maven2/org/springframework/data/spring-data-commons/3.5.7/spring-data-commons-3.5.7-sources.jar
2025-12-19 22:21:20,863 [Worker-5: Download sources and javadoc] INFO  o.e.m.j.internal.DownloadSourcesJob - Downloaded sources for org.springframework.data:spring-data-commons:3.5.7
2025-12-19 22:21:21,386 [Worker-5: Download sources and javadoc] INFO  o.e.m.c.i.e.AbstractTransferListenerAdapter - Downloading http://insecure.repo1.maven.org/maven2/org/springframework/spring-orm/6.2.15/spring-orm-6.2.15-sources.jar
2025-12-19 22:21:21,979 [Worker-5: Download sources and javadoc] INFO  o.e.m.c.i.e.AbstractTransferListenerAdapter - Downloaded http://insecure.repo1.maven.org/maven2/org/springframework/spring-orm/6.2.15/spring-orm-6.2.15-sources.jar
2025-12-19 22:21:21,984 [Worker-5: Download sources and javadoc] INFO  o.e.m.j.internal.DownloadSourcesJob - Downloaded sources for org.springframework:spring-orm:6.2.15
2025-12-19 22:21:23,031 [Worker-5: Download sources and javadoc] INFO  o.e.m.c.i.e.AbstractTransferListenerAdapter - Downloading http://insecure.repo1.maven.org/maven2/org/springframework/spring-context/6.2.15/spring-context-6.2.15-sources.jar
2025-12-19 22:21:24,124 [Worker-5: Download sources and javadoc] INFO  o.e.m.c.i.e.AbstractTransferListenerAdapter - Downloaded http://insecure.repo1.maven.org/maven2/org/springframework/spring-context/6.2.15/spring-context-6.2.15-sources.jar
2025-12-19 22:21:24,128 [Worker-5: Download sources and javadoc] INFO  o.e.m.j.internal.DownloadSourcesJob - Downloaded sources for org.springframework:spring-context:6.2.15
2025-12-19 22:21:24,720 [Worker-5: Download sources and javadoc] INFO  o.e.m.c.i.e.AbstractTransferListenerAdapter - Downloading http://insecure.repo1.maven.org/maven2/org/springframework/spring-aop/6.2.15/spring-aop-6.2.15-sources.jar
2025-12-19 22:21:25,652 [Worker-5: Download sources and javadoc] INFO  o.e.m.c.i.e.AbstractTransferListenerAdapter - Downloaded http://insecure.repo1.maven.org/maven2/org/springframework/spring-aop/6.2.15/spring-aop-6.2.15-sources.jar
2025-12-19 22:21:25,657 [Worker-5: Download sources and javadoc] INFO  o.e.m.j.internal.DownloadSourcesJob - Downloaded sources for org.springframework:spring-aop:6.2.15
2025-12-19 22:21:26,243 [Worker-5: Download sources and javadoc] INFO  o.e.m.c.i.e.AbstractTransferListenerAdapter - Downloading http://insecure.repo1.maven.org/maven2/org/springframework/spring-tx/6.2.15/spring-tx-6.2.15-sources.jar
2025-12-19 22:21:26,946 [Worker-5: Download sources and javadoc] INFO  o.e.m.c.i.e.AbstractTransferListenerAdapter - Downloaded http://insecure.repo1.maven.org/maven2/org/springframework/spring-tx/6.2.15/spring-tx-6.2.15-sources.jar
2025-12-19 22:21:26,963 [Worker-5: Download sources and javadoc] INFO  o.e.m.j.internal.DownloadSourcesJob - Downloaded sources for org.springframework:spring-tx:6.2.15
2025-12-19 22:21:28,432 [Worker-5: Download sources and javadoc] INFO  o.e.m.c.i.e.AbstractTransferListenerAdapter - Downloading http://insecure.repo1.maven.org/maven2/org/springframework/spring-beans/6.2.15/spring-beans-6.2.15-sources.jar
2025-12-19 22:21:30,781 [Worker-5: Download sources and javadoc] INFO  o.e.m.c.i.e.AbstractTransferListenerAdapter - Downloaded http://insecure.repo1.maven.org/maven2/org/springframework/spring-beans/6.2.15/spring-beans-6.2.15-sources.jar
2025-12-19 22:21:30,791 [Worker-5: Download sources and javadoc] INFO  o.e.m.j.internal.DownloadSourcesJob - Downloaded sources for org.springframework:spring-beans:6.2.15
2025-12-19 22:21:31,440 [Worker-5: Download sources and javadoc] INFO  o.e.m.c.i.e.AbstractTransferListenerAdapter - Downloading http://insecure.repo1.maven.org/maven2/org/springframework/spring-aspects/6.2.15/spring-aspects-6.2.15-sources.jar
2025-12-19 22:21:32,052 [Worker-5: Download sources and javadoc] INFO  o.e.m.c.i.e.AbstractTransferListenerAdapter - Downloaded http://insecure.repo1.maven.org/maven2/org/springframework/spring-aspects/6.2.15/spring-aspects-6.2.15-sources.jar
2025-12-19 22:21:32,063 [Worker-5: Download sources and javadoc] INFO  o.e.m.j.internal.DownloadSourcesJob - Downloaded sources for org.springframework:spring-aspects:6.2.15
2025-12-19 22:21:32,535 [Worker-5: Download sources and javadoc] INFO  o.e.m.c.i.e.AbstractTransferListenerAdapter - Downloading http://insecure.repo1.maven.org/maven2/org/aspectj/aspectjweaver/1.9.25.1/aspectjweaver-1.9.25.1-sources.jar
2025-12-19 22:21:33,513 [Worker-5: Download sources and javadoc] INFO  o.e.m.c.i.e.AbstractTransferListenerAdapter - Downloaded http://insecure.repo1.maven.org/maven2/org/aspectj/aspectjweaver/1.9.25.1/aspectjweaver-1.9.25.1-sources.jar
2025-12-19 22:21:33,524 [Worker-5: Download sources and javadoc] INFO  o.e.m.j.internal.DownloadSourcesJob - Downloaded sources for org.aspectj:aspectjweaver:1.9.25.1
2025-12-19 22:21:34,131 [Worker-5: Download sources and javadoc] INFO  o.e.m.c.i.e.AbstractTransferListenerAdapter - Downloading http://insecure.repo1.maven.org/maven2/org/springframework/boot/spring-boot-starter-web/3.5.9/spring-boot-starter-web-3.5.9-sources.jar
2025-12-19 22:21:34,505 [Worker-5: Download sources and javadoc] INFO  o.e.m.c.i.e.AbstractTransferListenerAdapter - Downloaded http://insecure.repo1.maven.org/maven2/org/springframework/boot/spring-boot-starter-web/3.5.9/spring-boot-starter-web-3.5.9-sources.jar
2025-12-19 22:21:34,519 [Worker-5: Download sources and javadoc] INFO  o.e.m.j.internal.DownloadSourcesJob - Downloaded sources for org.springframework.boot:spring-boot-starter-web:3.5.9
2025-12-19 22:21:35,044 [Worker-5: Download sources and javadoc] INFO  o.e.m.c.i.e.AbstractTransferListenerAdapter - Downloading http://insecure.repo1.maven.org/maven2/org/springframework/boot/spring-boot-starter-json/3.5.9/spring-boot-starter-json-3.5.9-sources.jar
2025-12-19 22:21:35,568 [Worker-5: Download sources and javadoc] INFO  o.e.m.c.i.e.AbstractTransferListenerAdapter - Downloaded http://insecure.repo1.maven.org/maven2/org/springframework/boot/spring-boot-starter-json/3.5.9/spring-boot-starter-json-3.5.9-sources.jar
2025-12-19 22:21:35,579 [Worker-5: Download sources and javadoc] INFO  o.e.m.j.internal.DownloadSourcesJob - Downloaded sources for org.springframework.boot:spring-boot-starter-json:3.5.9
2025-12-19 22:21:36,374 [Worker-5: Download sources and javadoc] INFO  o.e.m.c.i.e.AbstractTransferListenerAdapter - Downloading http://insecure.repo1.maven.org/maven2/org/springframework/boot/spring-boot-starter-tomcat/3.5.9/spring-boot-starter-tomcat-3.5.9-sources.jar
2025-12-19 22:21:36,789 [Worker-5: Download sources and javadoc] INFO  o.e.m.c.i.e.AbstractTransferListenerAdapter - Downloaded http://insecure.repo1.maven.org/maven2/org/springframework/boot/spring-boot-starter-tomcat/3.5.9/spring-boot-starter-tomcat-3.5.9-sources.jar
2025-12-19 22:21:36,804 [Worker-5: Download sources and javadoc] INFO  o.e.m.j.internal.DownloadSourcesJob - Downloaded sources for org.springframework.boot:spring-boot-starter-tomcat:3.5.9
2025-12-19 22:21:37,204 [Worker-5: Download sources and javadoc] INFO  o.e.m.c.i.e.AbstractTransferListenerAdapter - Downloading http://insecure.repo1.maven.org/maven2/org/apache/tomcat/embed/tomcat-embed-core/10.1.50/tomcat-embed-core-10.1.50-sources.jar
2025-12-19 22:21:38,488 [Worker-5: Download sources and javadoc] INFO  o.e.m.c.i.e.AbstractTransferListenerAdapter - Downloaded http://insecure.repo1.maven.org/maven2/org/apache/tomcat/embed/tomcat-embed-core/10.1.50/tomcat-embed-core-10.1.50-sources.jar
2025-12-19 22:21:38,497 [Worker-5: Download sources and javadoc] INFO  o.e.m.j.internal.DownloadSourcesJob - Downloaded sources for org.apache.tomcat.embed:tomcat-embed-core:10.1.50
2025-12-19 22:21:39,884 [Worker-5: Download sources and javadoc] INFO  o.e.m.c.i.e.AbstractTransferListenerAdapter - Downloading http://insecure.repo1.maven.org/maven2/org/apache/tomcat/embed/tomcat-embed-el/10.1.50/tomcat-embed-el-10.1.50-sources.jar
2025-12-19 22:21:40,691 [Worker-5: Download sources and javadoc] INFO  o.e.m.c.i.e.AbstractTransferListenerAdapter - Downloaded http://insecure.repo1.maven.org/maven2/org/apache/tomcat/embed/tomcat-embed-el/10.1.50/tomcat-embed-el-10.1.50-sources.jar
2025-12-19 22:21:40,700 [Worker-5: Download sources and javadoc] INFO  o.e.m.j.internal.DownloadSourcesJob - Downloaded sources for org.apache.tomcat.embed:tomcat-embed-el:10.1.50
2025-12-19 22:21:41,328 [Worker-5: Download sources and javadoc] INFO  o.e.m.c.i.e.AbstractTransferListenerAdapter - Downloading http://insecure.repo1.maven.org/maven2/org/apache/tomcat/embed/tomcat-embed-websocket/10.1.50/tomcat-embed-websocket-10.1.50-sources.jar
2025-12-19 22:21:41,970 [Worker-5: Download sources and javadoc] INFO  o.e.m.c.i.e.AbstractTransferListenerAdapter - Downloaded http://insecure.repo1.maven.org/maven2/org/apache/tomcat/embed/tomcat-embed-websocket/10.1.50/tomcat-embed-websocket-10.1.50-sources.jar
2025-12-19 22:21:41,979 [Worker-5: Download sources and javadoc] INFO  o.e.m.j.internal.DownloadSourcesJob - Downloaded sources for org.apache.tomcat.embed:tomcat-embed-websocket:10.1.50
2025-12-19 22:21:43,408 [Worker-5: Download sources and javadoc] INFO  o.e.m.c.i.e.AbstractTransferListenerAdapter - Downloading http://insecure.repo1.maven.org/maven2/org/springframework/spring-web/6.2.15/spring-web-6.2.15-sources.jar
2025-12-19 22:21:44,597 [Worker-5: Download sources and javadoc] INFO  o.e.m.c.i.e.AbstractTransferListenerAdapter - Downloaded http://insecure.repo1.maven.org/maven2/org/springframework/spring-web/6.2.15/spring-web-6.2.15-sources.jar
2025-12-19 22:21:44,602 [Worker-5: Download sources and javadoc] INFO  o.e.m.j.internal.DownloadSourcesJob - Downloaded sources for org.springframework:spring-web:6.2.15
2025-12-19 22:21:45,017 [Worker-5: Download sources and javadoc] INFO  o.e.m.c.i.e.AbstractTransferListenerAdapter - Downloading http://insecure.repo1.maven.org/maven2/org/springframework/spring-webmvc/6.2.15/spring-webmvc-6.2.15-sources.jar
2025-12-19 22:21:45,690 [Worker-5: Download sources and javadoc] INFO  o.e.m.c.i.e.AbstractTransferListenerAdapter - Downloaded http://insecure.repo1.maven.org/maven2/org/springframework/spring-webmvc/6.2.15/spring-webmvc-6.2.15-sources.jar
2025-12-19 22:21:45,698 [Worker-5: Download sources and javadoc] INFO  o.e.m.j.internal.DownloadSourcesJob - Downloaded sources for org.springframework:spring-webmvc:6.2.15
2025-12-19 22:21:46,613 [Worker-5: Download sources and javadoc] INFO  o.e.m.c.i.e.AbstractTransferListenerAdapter - Downloading http://insecure.repo1.maven.org/maven2/org/springframework/spring-expression/6.2.15/spring-expression-6.2.15-sources.jar
2025-12-19 22:21:47,099 [Worker-5: Download sources and javadoc] INFO  o.e.m.c.i.e.AbstractTransferListenerAdapter - Downloaded http://insecure.repo1.maven.org/maven2/org/springframework/spring-expression/6.2.15/spring-expression-6.2.15-sources.jar
2025-12-19 22:21:47,106 [Worker-5: Download sources and javadoc] INFO  o.e.m.j.internal.DownloadSourcesJob - Downloaded sources for org.springframework:spring-expression:6.2.15
2025-12-19 22:21:47,725 [Worker-5: Download sources and javadoc] INFO  o.e.m.c.i.e.AbstractTransferListenerAdapter - Downloading http://insecure.repo1.maven.org/maven2/org/springframework/boot/spring-boot-starter-test/3.5.9/spring-boot-starter-test-3.5.9-sources.jar
2025-12-19 22:21:48,206 [Worker-5: Download sources and javadoc] INFO  o.e.m.c.i.e.AbstractTransferListenerAdapter - Downloaded http://insecure.repo1.maven.org/maven2/org/springframework/boot/spring-boot-starter-test/3.5.9/spring-boot-starter-test-3.5.9-sources.jar
2025-12-19 22:21:48,211 [Worker-5: Download sources and javadoc] INFO  o.e.m.j.internal.DownloadSourcesJob - Downloaded sources for org.springframework.boot:spring-boot-starter-test:3.5.9
2025-12-19 22:21:49,230 [Worker-5: Download sources and javadoc] INFO  o.e.m.c.i.e.AbstractTransferListenerAdapter - Downloading http://insecure.repo1.maven.org/maven2/org/springframework/boot/spring-boot-test/3.5.9/spring-boot-test-3.5.9-sources.jar
2025-12-19 22:21:50,302 [Worker-5: Download sources and javadoc] INFO  o.e.m.c.i.e.AbstractTransferListenerAdapter - Downloaded http://insecure.repo1.maven.org/maven2/org/springframework/boot/spring-boot-test/3.5.9/spring-boot-test-3.5.9-sources.jar
2025-12-19 22:21:50,314 [Worker-5: Download sources and javadoc] INFO  o.e.m.j.internal.DownloadSourcesJob - Downloaded sources for org.springframework.boot:spring-boot-test:3.5.9
2025-12-19 22:21:50,939 [Worker-5: Download sources and javadoc] INFO  o.e.m.c.i.e.AbstractTransferListenerAdapter - Downloading http://insecure.repo1.maven.org/maven2/org/springframework/boot/spring-boot-test-autoconfigure/3.5.9/spring-boot-test-autoconfigure-3.5.9-sources.jar
2025-12-19 22:21:51,609 [Worker-5: Download sources and javadoc] INFO  o.e.m.c.i.e.AbstractTransferListenerAdapter - Downloaded http://insecure.repo1.maven.org/maven2/org/springframework/boot/spring-boot-test-autoconfigure/3.5.9/spring-boot-test-autoconfigure-3.5.9-sources.jar
2025-12-19 22:21:51,620 [Worker-5: Download sources and javadoc] INFO  o.e.m.j.internal.DownloadSourcesJob - Downloaded sources for org.springframework.boot:spring-boot-test-autoconfigure:3.5.9
2025-12-19 22:21:52,025 [Worker-5: Download sources and javadoc] INFO  o.e.m.c.i.e.AbstractTransferListenerAdapter - Downloading http://insecure.repo1.maven.org/maven2/org/springframework/spring-core/6.2.15/spring-core-6.2.15-sources.jar
2025-12-19 22:21:53,176 [Worker-5: Download sources and javadoc] INFO  o.e.m.c.i.e.AbstractTransferListenerAdapter - Downloaded http://insecure.repo1.maven.org/maven2/org/springframework/spring-core/6.2.15/spring-core-6.2.15-sources.jar
2025-12-19 22:21:53,180 [Worker-5: Download sources and javadoc] INFO  o.e.m.j.internal.DownloadSourcesJob - Downloaded sources for org.springframework:spring-core:6.2.15
2025-12-19 22:21:53,615 [Worker-5: Download sources and javadoc] INFO  o.e.m.c.i.e.AbstractTransferListenerAdapter - Downloading http://insecure.repo1.maven.org/maven2/org/springframework/spring-jcl/6.2.15/spring-jcl-6.2.15-sources.jar
2025-12-19 22:21:54,014 [Worker-5: Download sources and javadoc] INFO  o.e.m.c.i.e.AbstractTransferListenerAdapter - Downloaded http://insecure.repo1.maven.org/maven2/org/springframework/spring-jcl/6.2.15/spring-jcl-6.2.15-sources.jar
2025-12-19 22:21:54,021 [Worker-5: Download sources and javadoc] INFO  o.e.m.j.internal.DownloadSourcesJob - Downloaded sources for org.springframework:spring-jcl:6.2.15
2025-12-19 22:21:54,997 [Worker-5: Download sources and javadoc] INFO  o.e.m.c.i.e.AbstractTransferListenerAdapter - Downloading http://insecure.repo1.maven.org/maven2/org/springframework/spring-test/6.2.15/spring-test-6.2.15-sources.jar
2025-12-19 22:21:55,731 [Worker-5: Download sources and javadoc] INFO  o.e.m.c.i.e.AbstractTransferListenerAdapter - Downloaded http://insecure.repo1.maven.org/maven2/org/springframework/spring-test/6.2.15/spring-test-6.2.15-sources.jar
2025-12-19 22:21:55,738 [Worker-5: Download sources and javadoc] INFO  o.e.m.j.internal.DownloadSourcesJob - Downloaded sources for org.springframework:spring-test:6.2.15
